<?xml version="1.0" encoding="UTF-8"?>
<testng-results ignored="0" total="4" passed="4" failed="0" skipped="0">
  <reporter-output>
  </reporter-output>
  <suite started-at="2020-04-14T13:05:50 EEST" name="Default suite" finished-at="2020-04-14T13:07:35 EEST" duration-ms="105455">
    <groups>
    </groups>
    <test started-at="2020-04-14T13:05:50 EEST" name="Default test" finished-at="2020-04-14T13:07:35 EEST" duration-ms="105455">
      <class name="PensionFundRats.VerifyPensionFund">
        <test-method is-config="true" signature="SetupTest()[pri:0, instance:PensionFundRats.VerifyPensionFund@49c386c8]" started-at="2020-04-14T13:05:50 EEST" name="SetupTest" finished-at="2020-04-14T13:05:55 EEST" duration-ms="5760" status="PASS">
          <reporter-output>
          </reporter-output>
        </test-method> <!-- SetupTest -->
        <test-method signature="PensionStartSaving()[pri:1, instance:PensionFundRats.VerifyPensionFund@49c386c8]" started-at="2020-04-14T13:05:55 EEST" name="PensionStartSaving" finished-at="2020-04-14T13:06:32 EEST" duration-ms="36549" status="PASS">
          <reporter-output>
          </reporter-output>
        </test-method> <!-- PensionStartSaving -->
        <test-method signature="PensionStartSavingMessage()[pri:2, instance:PensionFundRats.VerifyPensionFund@49c386c8]" started-at="2020-04-14T13:06:32 EEST" name="PensionStartSavingMessage" finished-at="2020-04-14T13:06:45 EEST" duration-ms="12693" status="PASS">
          <reporter-output>
          </reporter-output>
        </test-method> <!-- PensionStartSavingMessage -->
        <test-method signature="PensionFundPage1()[pri:3, instance:PensionFundRats.VerifyPensionFund@49c386c8]" started-at="2020-04-14T13:06:45 EEST" name="PensionFundPage1" finished-at="2020-04-14T13:07:10 EEST" duration-ms="25287" status="PASS">
          <reporter-output>
          </reporter-output>
        </test-method> <!-- PensionFundPage1 -->
        <test-method signature="PensionFundPage2()[pri:4, instance:PensionFundRats.VerifyPensionFund@49c386c8]" started-at="2020-04-14T13:07:10 EEST" name="PensionFundPage2" finished-at="2020-04-14T13:07:32 EEST" duration-ms="22394" status="PASS">
          <reporter-output>
          </reporter-output>
        </test-method> <!-- PensionFundPage2 -->
        <test-method is-config="true" signature="FinishTest()[pri:0, instance:PensionFundRats.VerifyPensionFund@49c386c8]" started-at="2020-04-14T13:07:32 EEST" name="FinishTest" finished-at="2020-04-14T13:07:35 EEST" duration-ms="2690" status="PASS">
          <reporter-output>
          </reporter-output>
        </test-method> <!-- FinishTest -->
      </class> <!-- PensionFundRats.VerifyPensionFund -->
    </test> <!-- Default test -->
  </suite> <!-- Default suite -->
</testng-results>
