<?xml version="1.0" encoding="UTF-8"?>
<!-- Generated by org.testng.reporters.JUnitXMLReporter -->
<testsuite ignored="0" hostname="DESKTOP-JD3EVM2" failures="0" tests="4" name="Default test" time="105.455" errors="0" timestamp="2020-04-14T13:07:35 EEST">
  <testcase classname="PensionFundRats.VerifyPensionFund" name="PensionStartSaving" time="36.549"/>
  <testcase classname="PensionFundRats.VerifyPensionFund" name="PensionStartSavingMessage" time="12.693"/>
  <testcase classname="PensionFundRats.VerifyPensionFund" name="PensionFundPage1" time="25.287"/>
  <testcase classname="PensionFundRats.VerifyPensionFund" name="PensionFundPage2" time="22.394"/>
</testsuite> <!-- Default test -->
